[debug] [2023-03-19T20:58:26.417Z] ----------------------------------------------------------------------
[debug] [2023-03-19T20:58:26.418Z] Command:       /usr/bin/node /usr/local/bin/firebase deploy
[debug] [2023-03-19T20:58:26.418Z] CLI Version:   11.24.1
[debug] [2023-03-19T20:58:26.419Z] Platform:      linux
[debug] [2023-03-19T20:58:26.419Z] Node Version:  v18.13.0
[debug] [2023-03-19T20:58:26.419Z] Time:          Mon Mar 20 2023 02:58:26 GMT+0600 (Bangladesh Standard Time)
[debug] [2023-03-19T20:58:26.419Z] ----------------------------------------------------------------------
[debug] 
[debug] [2023-03-19T20:58:26.421Z] >>> [apiv2][query] GET https://firebase-public.firebaseio.com/cli.json [none]
[debug] [2023-03-19T20:58:26.483Z] > command requires scopes: ["email","openid","https://www.googleapis.com/auth/cloudplatformprojects.readonly","https://www.googleapis.com/auth/firebase","https://www.googleapis.com/auth/cloud-platform"]
[debug] [2023-03-19T20:58:26.483Z] > authorizing via signed-in user (abusaidshabib.cse@gmail.com)
[debug] [2023-03-19T20:58:26.483Z] [iam] checking project hexa-c9a81 for permissions ["firebase.projects.get","firebasehosting.sites.update"]
[debug] [2023-03-19T20:58:26.484Z] > refreshing access token with scopes: []
[debug] [2023-03-19T20:58:26.484Z] >>> [apiv2][query] POST https://www.googleapis.com/oauth2/v3/token [none]
[debug] [2023-03-19T20:58:26.484Z] >>> [apiv2][body] POST https://www.googleapis.com/oauth2/v3/token [omitted]
[debug] [2023-03-19T20:58:28.029Z] <<< [apiv2][status] GET https://firebase-public.firebaseio.com/cli.json 200
[debug] [2023-03-19T20:58:28.029Z] <<< [apiv2][body] GET https://firebase-public.firebaseio.com/cli.json {"cloudBuildErrorAfter":1594252800000,"cloudBuildWarnAfter":1590019200000,"defaultNode10After":1594252800000,"minVersion":"3.0.5","node8DeploysDisabledAfter":1613390400000,"node8RuntimeDisabledAfter":1615809600000,"node8WarnAfter":1600128000000}
[debug] [2023-03-19T20:58:31.782Z] <<< [apiv2][status] POST https://www.googleapis.com/oauth2/v3/token 200
[debug] [2023-03-19T20:58:31.783Z] <<< [apiv2][body] POST https://www.googleapis.com/oauth2/v3/token [omitted]
[debug] [2023-03-19T20:58:31.801Z] >>> [apiv2][query] POST https://cloudresourcemanager.googleapis.com/v1/projects/hexa-c9a81:testIamPermissions [none]
[debug] [2023-03-19T20:58:31.801Z] >>> [apiv2][(partial)header] POST https://cloudresourcemanager.googleapis.com/v1/projects/hexa-c9a81:testIamPermissions x-goog-quota-user=projects/hexa-c9a81
[debug] [2023-03-19T20:58:31.802Z] >>> [apiv2][body] POST https://cloudresourcemanager.googleapis.com/v1/projects/hexa-c9a81:testIamPermissions {"permissions":["firebase.projects.get","firebasehosting.sites.update"]}
[debug] [2023-03-19T20:58:33.552Z] <<< [apiv2][status] POST https://cloudresourcemanager.googleapis.com/v1/projects/hexa-c9a81:testIamPermissions 200
[debug] [2023-03-19T20:58:33.553Z] <<< [apiv2][body] POST https://cloudresourcemanager.googleapis.com/v1/projects/hexa-c9a81:testIamPermissions {"permissions":["firebase.projects.get","firebasehosting.sites.update"]}
[debug] [2023-03-19T20:58:33.557Z] >>> [apiv2][query] GET https://firebase.googleapis.com/v1beta1/projects/hexa-c9a81 [none]
[debug] [2023-03-19T20:58:34.461Z] <<< [apiv2][status] GET https://firebase.googleapis.com/v1beta1/projects/hexa-c9a81 200
[debug] [2023-03-19T20:58:34.462Z] <<< [apiv2][body] GET https://firebase.googleapis.com/v1beta1/projects/hexa-c9a81 {"projectId":"hexa-c9a81","projectNumber":"34367731664","displayName":"Hexa","name":"projects/hexa-c9a81","resources":{"hostingSite":"hexa-c9a81"},"state":"ACTIVE","etag":"1_88f4e52b-60bf-46ba-874b-f12a5bddcdf4"}
[info] 
[info] === Deploying to 'hexa-c9a81'...
[info] 
[info] i  deploying hosting 
[debug] [2023-03-19T20:58:34.474Z] >>> [apiv2][query] POST https://firebasehosting.googleapis.com/v1beta1/projects/-/sites/hexa-c9a81/versions [none]
[debug] [2023-03-19T20:58:34.474Z] >>> [apiv2][body] POST https://firebasehosting.googleapis.com/v1beta1/projects/-/sites/hexa-c9a81/versions {"status":"CREATED","labels":{"deployment-tool":"cli-firebase"}}
[debug] [2023-03-19T20:58:36.063Z] <<< [apiv2][status] POST https://firebasehosting.googleapis.com/v1beta1/projects/-/sites/hexa-c9a81/versions 200
[debug] [2023-03-19T20:58:36.065Z] <<< [apiv2][body] POST https://firebasehosting.googleapis.com/v1beta1/projects/-/sites/hexa-c9a81/versions {"name":"projects/34367731664/sites/hexa-c9a81/versions/de616537b6eb16c5","status":"CREATED","config":{},"labels":{"deployment-tool":"cli-firebase"}}
[info] i  hosting[hexa-c9a81]: beginning deploy... 
[info] i  hosting[hexa-c9a81]: found 35 files in build 
[debug] [2023-03-19T20:58:36.089Z] [hosting] uploading with 200 concurrency
[debug] [2023-03-19T20:58:36.886Z] [hosting] hash cache [YnVpbGQ] stored for 35 files
[debug] [2023-03-19T20:58:36.887Z] [hosting][hash queue][FINAL] {"max":782,"min":17,"avg":115.97142857142858,"active":0,"complete":35,"success":35,"errored":0,"retried":0,"total":35,"elapsed":796}
[debug] [2023-03-19T20:58:36.889Z] >>> [apiv2][query] POST https://firebasehosting.googleapis.com/v1beta1/projects/34367731664/sites/hexa-c9a81/versions/de616537b6eb16c5:populateFiles [none]
[debug] [2023-03-19T20:58:36.889Z] >>> [apiv2][body] POST https://firebasehosting.googleapis.com/v1beta1/projects/34367731664/sites/hexa-c9a81/versions/de616537b6eb16c5:populateFiles {"files":{"/asset-manifest.json":"b8af750c746f28caa5bfdca905412b5291ac723ab32d3f3fa33a1ab8f3554b18","/carousel.json":"7d0d3547bfcc53975b432a9dbcbf3e3c0b747ea9df4474919b7d4e6aa73f75dd","/collection.json":"12a8e073174814920acfed5f835cb91d0ccb496b1a070a74b95ec2011da04d89","/faq.json":"f29f65f45ef9370ad5788cd4e2c0606016e2efb1ae83fe3118a3a449537f669d","/manifest.json":"0958a5e0c831126100c8c2d06a6bbaa665a3900f21aaff4130238a6f5a113aa1","/favicon.ico":"c599b7a91ab3627e3538125d9f40adc2d4bf949046984262670545dc7738af06","/index.html":"bd05be3b7cf94e7581c487e72e16c431db3ed90dacd810fbc20362d5d7c544c1","/logo192.png":"76c449ccb9cd117c2f2338f091b18f7050f3210e249b2228f5c81b23f34377cd","/logo512.png":"7779210d56c1f3741e2e487799fe3092def4fa6ac450a60532b807c3a8971205","/dummy.json":"9e3e5faa587d5e58ab1f94f9f3624c21711ecfe3fca77077a5e92ce4e07fc53e","/static/js/787.32f67ffb.chunk.js":"569700a2d31692c5e65958b46d112d0d85234ad9f2361277bf5b18959f4b33f6","/robots.txt":"2544ca049f223a42bff01f72ad930a5edba75bbb7199d0f8430a02ff5aca16ec","/newblog.json":"ba778ca5170b4eb6a92278b8bcfb0f74d5db6aaad68b3f541ec19e6e5c65ee58","/review.json":"656af2aa8867f9eaeaa72a6b3fb3a392075fe50e99ab4ea91a48912b14ca346e","/static/js/787.32f67ffb.chunk.js.map":"e9663dd5039072ea3ff01741ef31382cd4dd315a2684c2e5d162c9ac82d46afc","/static/js/main.dd03f721.js.LICENSE.txt":"7b32291e58595bd0ddf183b945fa0d2b6f49f632cc000136859d7b6bb124efe2","/static/css/main.0a09bcbb.css":"4b22ef37a7858ec5eb4b9680981e906144fa1208de35d18a8a88c92dc0f2875d","/static/media/revicons.57fd05d4ae650374c8de.ttf":"07767451eadd032c7f20bb73a3db58cd46902804826100ba2e688d2184ecab59","/static/media/revicons.e8746a624ed098489406.woff":"209e8672b75ca5dfb191a65491d1b723e890e6146b0ebea7e131e7aadd3fd782","/static/media/revicons.a77de540a38981833f9e.eot":"a68a8db4a29da3975f9b2327040c470f697cb7aa9691bbd3279c583083a8dde4","/static/css/main.0a09bcbb.css.map":"db32ce0bfbaed6f2dd8ba221854254fd27a811db551ff57e6995557761eb483d","/static/js/main.dd03f721.js":"ec893b739be355436c41f4b08a3f8e07441e7e69f999501cfaf70d0651dc391f","/static/media/Surprice1.c55fac45f9ef60c2cb46.jpg":"0ae3fecc08ee5deccce6e1d595cdc41d331b088618b6f9b42291f127355fe3df","/static/media/4.80715a1f2d23ced246e6.jpg":"77bf49bbdd24b8fb05dec48102756a0c72d0982a719670cbd5ae7393d66d0ea6","/static/media/person1.3172159aeb1632762540.jpg":"6202ecf4f4533bddfee8403d0dba075241da2c8b8e11d22e36a28356c444598c","/static/media/Contact.1287ccea2734d740744a.jpg":"543d4e8100522d3f99801494f557d1d4d95551a7ec0f0be34c23a8575b878376","/static/media/FaqHero.1e433929c700d16f8f46.jpg":"0a3d11c6a4a6c52ac38aa4c47a052a286de6a1753366dfd6875b6906fd5af8a9","/static/media/1.2a50df714ff6d83c2048.jpg":"7f01b83f5d9b4e57749b175ec99e94e87fe5b1c7e53d7b82551aee955cc69dd1","/static/media/3.a2a85a1cf8a4dd189b41.jpg":"9766af6276ca64486d23f345e1c935aef48d023192f1b5d376dde8804114268f","/static/media/2.4d1d4a31f6ade967e85d.jpg":"d17d4c93a88f184d077339c1a5a909c5df76283b93c4d08585930e57e6e321b3","/static/media/Surprice2.4c2e5cac906d96802035.jpg":"1b71f8ed1740ff8e2c02b525fbf5cdc819607f508933eaac31d2e7bc8131e7a9","/static/media/AboutSec.4d4cfa4b307ffe8d560f.jpg":"d2bf8103d87177d0eff06bbaa0e627fa9be0f63e35e7c2380cd0c028053c8041","/static/media/HomeAdver.120aae7dd59a92f18ba3.mp4":"7f0fd74db85de5989d15ca676856ce5e50f36a482f72a55844db7703e6536c54","/static/js/main.dd03f721.js.map":"7d7774817701c514ee605ba970a9545141e4ee0a34f66877def47bff4724a65d","/static/media/SecVideo.b0627fee604ff2369581.mp4":"dd2c64c15335ce5258d562c354fddc9aff2533f1cf018a2b103edbf90d123497"}}
